#! /c/Source/iverilog-install/bin/vvp
:ivl_version "12.0 (devel)" "(s20150603-1539-g2693dd32b)";
:ivl_delay_selection "TYPICAL";
:vpi_time_precision + 0;
:vpi_module "C:\iverilog\lib\ivl\system.vpi";
:vpi_module "C:\iverilog\lib\ivl\vhdl_sys.vpi";
:vpi_module "C:\iverilog\lib\ivl\vhdl_textio.vpi";
:vpi_module "C:\iverilog\lib\ivl\v2005_math.vpi";
:vpi_module "C:\iverilog\lib\ivl\va_math.vpi";
S_000001a02218cb30 .scope module, "test" "test" 2 13;
 .timescale 0 0;
v000001a0221d34e0_0 .net "op", 0 0, L_000001a02222e6a0;  1 drivers
v000001a0221d3580_0 .var "sel1", 0 0;
v000001a0221d2c20_0 .var "sel2", 0 0;
v000001a0221d2ea0_0 .var "t1", 0 0;
v000001a0221d3080_0 .var "t2", 0 0;
v000001a0221d3120_0 .var "t3", 0 0;
v000001a0221d33a0_0 .var "t4", 0 0;
S_000001a02218ccc0 .scope module, "muxg" "Mux4to1" 2 16, 2 1 0, S_000001a02218cb30;
 .timescale 0 0;
    .port_info 0 /INPUT 1 "t1";
    .port_info 1 /INPUT 1 "t2";
    .port_info 2 /INPUT 1 "t3";
    .port_info 3 /INPUT 1 "t4";
    .port_info 4 /INPUT 1 "sel1";
    .port_info 5 /INPUT 1 "sel2";
    .port_info 6 /OUTPUT 1 "op";
L_000001a0221d4170 .functor AND 1, v000001a0221d2ea0_0, L_000001a0221d41e0, L_000001a0221d4250, C4<1>;
L_000001a0221d41e0 .functor NOT 1, v000001a0221d3580_0, C4<0>, C4<0>, C4<0>;
L_000001a0221d4250 .functor NOT 1, v000001a0221d2c20_0, C4<0>, C4<0>, C4<0>;
L_000001a0221d42c0 .functor AND 1, v000001a0221d3080_0, L_000001a0221d4330, v000001a0221d2c20_0, C4<1>;
L_000001a0221d4330 .functor NOT 1, v000001a0221d3580_0, C4<0>, C4<0>, C4<0>;
L_000001a0221d43a0 .functor AND 1, v000001a0221d3120_0, v000001a0221d3580_0, L_000001a02222e780, C4<1>;
L_000001a02222e780 .functor NOT 1, v000001a0221d2c20_0, C4<0>, C4<0>, C4<0>;
L_000001a02222e390 .functor AND 1, v000001a0221d33a0_0, v000001a0221d3580_0, v000001a0221d2c20_0, C4<1>;
L_000001a02222e6a0 .functor OR 1, L_000001a0221d4170, L_000001a0221d42c0, L_000001a0221d43a0, L_000001a02222e390;
v000001a0221a27f0_0 .net *"_ivl_0", 0 0, L_000001a0221d41e0;  1 drivers
v000001a02218b670_0 .net *"_ivl_2", 0 0, L_000001a0221d4250;  1 drivers
v000001a02218b710_0 .net *"_ivl_4", 0 0, L_000001a0221d4330;  1 drivers
v000001a02218b7b0_0 .net *"_ivl_6", 0 0, L_000001a02222e780;  1 drivers
v000001a02218bc60_0 .net "a", 0 0, L_000001a0221d4170;  1 drivers
v000001a02218bd00_0 .net "b", 0 0, L_000001a0221d42c0;  1 drivers
v000001a022226030_0 .net "c", 0 0, L_000001a0221d43a0;  1 drivers
v000001a0222260d0_0 .net "d", 0 0, L_000001a02222e390;  1 drivers
v000001a0221d2e00_0 .net "op", 0 0, L_000001a02222e6a0;  alias, 1 drivers
v000001a0221d36c0_0 .net "sel1", 0 0, v000001a0221d3580_0;  1 drivers
v000001a0221d38a0_0 .net "sel2", 0 0, v000001a0221d2c20_0;  1 drivers
v000001a0221d3440_0 .net "t1", 0 0, v000001a0221d2ea0_0;  1 drivers
v000001a0221d2b80_0 .net "t2", 0 0, v000001a0221d3080_0;  1 drivers
v000001a0221d3620_0 .net "t3", 0 0, v000001a0221d3120_0;  1 drivers
v000001a0221d3760_0 .net "t4", 0 0, v000001a0221d33a0_0;  1 drivers
    .scope S_000001a02218cb30;
T_0 ;
    %vpi_call 2 19 "$dumpfile", "4.vcd" {0 0 0};
    %vpi_call 2 20 "$dumpvars", 32'sb00000000000000000000000000000000, S_000001a02218cb30 {0 0 0};
    %pushi/vec4 0, 0, 1;
    %store/vec4 v000001a0221d2ea0_0, 0, 1;
    %pushi/vec4 0, 0, 1;
    %store/vec4 v000001a0221d3080_0, 0, 1;
    %pushi/vec4 0, 0, 1;
    %store/vec4 v000001a0221d3120_0, 0, 1;
    %pushi/vec4 0, 0, 1;
    %store/vec4 v000001a0221d33a0_0, 0, 1;
    %pushi/vec4 0, 0, 1;
    %store/vec4 v000001a0221d3580_0, 0, 1;
    %pushi/vec4 0, 0, 1;
    %store/vec4 v000001a0221d2c20_0, 0, 1;
    %delay 20, 0;
    %pushi/vec4 1, 0, 1;
    %store/vec4 v000001a0221d2ea0_0, 0, 1;
    %pushi/vec4 0, 0, 1;
    %store/vec4 v000001a0221d3080_0, 0, 1;
    %pushi/vec4 0, 0, 1;
    %store/vec4 v000001a0221d3120_0, 0, 1;
    %pushi/vec4 0, 0, 1;
    %store/vec4 v000001a0221d33a0_0, 0, 1;
    %pushi/vec4 0, 0, 1;
    %store/vec4 v000001a0221d3580_0, 0, 1;
    %pushi/vec4 0, 0, 1;
    %store/vec4 v000001a0221d2c20_0, 0, 1;
    %delay 20, 0;
    %pushi/vec4 0, 0, 1;
    %store/vec4 v000001a0221d2ea0_0, 0, 1;
    %pushi/vec4 0, 0, 1;
    %store/vec4 v000001a0221d3080_0, 0, 1;
    %pushi/vec4 0, 0, 1;
    %store/vec4 v000001a0221d3120_0, 0, 1;
    %pushi/vec4 0, 0, 1;
    %store/vec4 v000001a0221d33a0_0, 0, 1;
    %pushi/vec4 0, 0, 1;
    %store/vec4 v000001a0221d3580_0, 0, 1;
    %pushi/vec4 1, 0, 1;
    %store/vec4 v000001a0221d2c20_0, 0, 1;
    %delay 20, 0;
    %pushi/vec4 1, 0, 1;
    %store/vec4 v000001a0221d2ea0_0, 0, 1;
    %pushi/vec4 1, 0, 1;
    %store/vec4 v000001a0221d3080_0, 0, 1;
    %pushi/vec4 0, 0, 1;
    %store/vec4 v000001a0221d3120_0, 0, 1;
    %pushi/vec4 0, 0, 1;
    %store/vec4 v000001a0221d33a0_0, 0, 1;
    %pushi/vec4 0, 0, 1;
    %store/vec4 v000001a0221d3580_0, 0, 1;
    %pushi/vec4 1, 0, 1;
    %store/vec4 v000001a0221d2c20_0, 0, 1;
    %delay 20, 0;
    %pushi/vec4 0, 0, 1;
    %store/vec4 v000001a0221d2ea0_0, 0, 1;
    %pushi/vec4 0, 0, 1;
    %store/vec4 v000001a0221d3080_0, 0, 1;
    %pushi/vec4 1, 0, 1;
    %store/vec4 v000001a0221d3120_0, 0, 1;
    %pushi/vec4 0, 0, 1;
    %store/vec4 v000001a0221d33a0_0, 0, 1;
    %pushi/vec4 1, 0, 1;
    %store/vec4 v000001a0221d3580_0, 0, 1;
    %pushi/vec4 0, 0, 1;
    %store/vec4 v000001a0221d2c20_0, 0, 1;
    %delay 20, 0;
    %pushi/vec4 1, 0, 1;
    %store/vec4 v000001a0221d2ea0_0, 0, 1;
    %pushi/vec4 1, 0, 1;
    %store/vec4 v000001a0221d3080_0, 0, 1;
    %pushi/vec4 0, 0, 1;
    %store/vec4 v000001a0221d3120_0, 0, 1;
    %pushi/vec4 1, 0, 1;
    %store/vec4 v000001a0221d33a0_0, 0, 1;
    %pushi/vec4 1, 0, 1;
    %store/vec4 v000001a0221d3580_0, 0, 1;
    %pushi/vec4 0, 0, 1;
    %store/vec4 v000001a0221d2c20_0, 0, 1;
    %delay 20, 0;
    %pushi/vec4 1, 0, 1;
    %store/vec4 v000001a0221d2ea0_0, 0, 1;
    %pushi/vec4 0, 0, 1;
    %store/vec4 v000001a0221d3080_0, 0, 1;
    %pushi/vec4 0, 0, 1;
    %store/vec4 v000001a0221d3120_0, 0, 1;
    %pushi/vec4 1, 0, 1;
    %store/vec4 v000001a0221d33a0_0, 0, 1;
    %pushi/vec4 1, 0, 1;
    %store/vec4 v000001a0221d3580_0, 0, 1;
    %pushi/vec4 1, 0, 1;
    %store/vec4 v000001a0221d2c20_0, 0, 1;
    %delay 20, 0;
    %pushi/vec4 0, 0, 1;
    %store/vec4 v000001a0221d2ea0_0, 0, 1;
    %pushi/vec4 1, 0, 1;
    %store/vec4 v000001a0221d3080_0, 0, 1;
    %pushi/vec4 1, 0, 1;
    %store/vec4 v000001a0221d3120_0, 0, 1;
    %pushi/vec4 0, 0, 1;
    %store/vec4 v000001a0221d33a0_0, 0, 1;
    %pushi/vec4 1, 0, 1;
    %store/vec4 v000001a0221d3580_0, 0, 1;
    %pushi/vec4 1, 0, 1;
    %store/vec4 v000001a0221d2c20_0, 0, 1;
    %delay 20, 0;
    %vpi_call 2 29 "$finish" {0 0 0};
    %end;
    .thread T_0;
# The file index is used to find the file name in the following table.
:file_names 3;
    "N/A";
    "<interactive>";
    "4.v";
